# JRE version: Java(TM) SE Runtime Environment (8.0_231-b11) (build 1.8.0_231-b11)
# Java VM: Java HotSpot(TM) 64-Bit Server VM (25.231-b11 mixed mode windows-amd64 compressed oops)
Heap:
 PSYoungGen      total 1041408K, used 124944K [0x0000000780000000, 0x00000007c0000000, 0x00000007c0000000)
  eden space 1034240K, 12% used [0x0000000780000000,0x0000000787a04148,0x00000007bf200000)
  from space 7168K, 0% used [0x00000007bf200000,0x00000007bf200000,0x00000007bf900000)
  to   space 7168K, 0% used [0x00000007bf900000,0x00000007bf900000,0x00000007c0000000)
 ParOldGen       total 364544K, used 364256K [0x0000000700000000, 0x0000000716400000, 0x0000000780000000)
  object space 364544K, 99% used [0x0000000700000000,0x00000007163b8080,0x0000000716400000)
 Metaspace       used 74835K, capacity 77034K, committed 77400K, reserved 1116160K
  class space    used 10099K, capacity 10564K, committed 10624K, reserved 1048576K
GC Heap History (10 events):
Event: 4954.610 GC heap before
{Heap before GC invocations=19374 (full 9587):
 PSYoungGen      total 1041408K, used 175877K [0x0000000780000000, 0x00000007c0000000, 0x00000007c0000000)
  eden space 1034240K, 17% used [0x0000000780000000,0x000000078abc1778,0x00000007bf200000)
  from space 7168K, 0% used [0x00000007bf200000,0x00000007bf200000,0x00000007bf900000)
  to   space 7168K, 0% used [0x00000007bf900000,0x00000007bf900000,0x00000007c0000000)
 ParOldGen       total 364544K, used 364437K [0x0000000700000000, 0x0000000716400000, 0x0000000780000000)
  object space 364544K, 99% used [0x0000000700000000,0x00000007163e5788,0x0000000716400000)
 Metaspace       used 74835K, capacity 77034K, committed 77400K, reserved 1116160K
  class space    used 10099K, capacity 10564K, committed 10624K, reserved 1048576K
Event: 4954.789 GC heap after
Heap after GC invocations=19374 (full 9587):
 PSYoungGen      total 1041408K, used 54228K [0x0000000780000000, 0x00000007c0000000, 0x00000007c0000000)
  eden space 1034240K, 5% used [0x0000000780000000,0x00000007834f52c8,0x00000007bf200000)
  from space 7168K, 0% used [0x00000007bf200000,0x00000007bf200000,0x00000007bf900000)
  to   space 7168K, 0% used [0x00000007bf900000,0x00000007bf900000,0x00000007c0000000)
 ParOldGen       total 364544K, used 364485K [0x0000000700000000, 0x0000000716400000, 0x0000000780000000)
  object space 364544K, 99% used [0x0000000700000000,0x00000007163f14c8,0x0000000716400000)
 Metaspace       used 74835K, capacity 77034K, committed 77400K, reserved 1116160K
  class space    used 10099K, capacity 10564K, committed 10624K, reserved 1048576K
}
Event: 4955.112 GC heap before
{Heap before GC invocations=19375 (full 9588):
 PSYoungGen      total 1041408K, used 173595K [0x0000000780000000, 0x00000007c0000000, 0x00000007c0000000)
  eden space 1034240K, 16% used [0x0000000780000000,0x000000078a986e48,0x00000007bf200000)
  from space 7168K, 0% used [0x00000007bf200000,0x00000007bf200000,0x00000007bf900000)
  to   space 7168K, 0% used [0x00000007bf900000,0x00000007bf900000,0x00000007c0000000)
 ParOldGen       total 364544K, used 364485K [0x0000000700000000, 0x0000000716400000, 0x0000000780000000)
  object space 364544K, 99% used [0x0000000700000000,0x00000007163f14c8,0x0000000716400000)
 Metaspace       used 74835K, capacity 77034K, committed 77400K, reserved 1116160K
  class space    used 10099K, capacity 10564K, committed 10624K, reserved 1048576K
Event: 4955.289 GC heap after
Heap after GC invocations=19375 (full 9588):
 PSYoungGen      total 1041408K, used 56088K [0x0000000780000000, 0x00000007c0000000, 0x00000007c0000000)
  eden space 1034240K, 5% used [0x0000000780000000,0x00000007836c6378,0x00000007bf200000)
  from space 7168K, 0% used [0x00000007bf200000,0x00000007bf200000,0x00000007bf900000)
  to   space 7168K, 0% used [0x00000007bf900000,0x00000007bf900000,0x00000007c0000000)
 ParOldGen       total 364544K, used 364144K [0x0000000700000000, 0x0000000716400000, 0x0000000780000000)
  object space 364544K, 99% used [0x0000000700000000,0x000000071639c240,0x0000000716400000)
 Metaspace       used 74835K, capacity 77034K, committed 77400K, reserved 1116160K
  class space    used 10099K, capacity 10564K, committed 10624K, reserved 1048576K
}
Event: 4955.613 GC heap before
{Heap before GC invocations=19376 (full 9589):
 PSYoungGen      total 1041408K, used 163779K [0x0000000780000000, 0x00000007c0000000, 0x00000007c0000000)
  eden space 1034240K, 15% used [0x0000000780000000,0x0000000789ff0f60,0x00000007bf200000)
  from space 7168K, 0% used [0x00000007bf200000,0x00000007bf200000,0x00000007bf900000)
  to   space 7168K, 0% used [0x00000007bf900000,0x00000007bf900000,0x00000007c0000000)
 ParOldGen       total 364544K, used 364144K [0x0000000700000000, 0x0000000716400000, 0x0000000780000000)
  object space 364544K, 99% used [0x0000000700000000,0x000000071639c240,0x0000000716400000)
 Metaspace       used 74835K, capacity 77034K, committed 77400K, reserved 1116160K
  class space    used 10099K, capacity 10564K, committed 10624K, reserved 1048576K
Event: 4955.797 GC heap after
Heap after GC invocations=19376 (full 9589):
 PSYoungGen      total 1041408K, used 55110K [0x0000000780000000, 0x00000007c0000000, 0x00000007c0000000)
  eden space 1034240K, 5% used [0x0000000780000000,0x00000007835d19c8,0x00000007bf200000)
  from space 7168K, 0% used [0x00000007bf200000,0x00000007bf200000,0x00000007bf900000)
  to   space 7168K, 0% used [0x00000007bf900000,0x00000007bf900000,0x00000007c0000000)
 ParOldGen       total 364544K, used 364406K [0x0000000700000000, 0x0000000716400000, 0x0000000780000000)
  object space 364544K, 99% used [0x0000000700000000,0x00000007163dda68,0x0000000716400000)
 Metaspace       used 74835K, capacity 77034K, committed 77400K, reserved 1116160K
  class space    used 10099K, capacity 10564K, committed 10624K, reserved 1048576K
}
Event: 4956.114 GC heap before
{Heap before GC invocations=19377 (full 9590):
 PSYoungGen      total 1041408K, used 142937K [0x0000000780000000, 0x00000007c0000000, 0x00000007c0000000)
  eden space 1034240K, 13% used [0x0000000780000000,0x0000000788b966b0,0x00000007bf200000)
  from space 7168K, 0% used [0x00000007bf200000,0x00000007bf200000,0x00000007bf900000)
  to   space 7168K, 0% used [0x00000007bf900000,0x00000007bf900000,0x00000007c0000000)
 ParOldGen       total 364544K, used 364406K [0x0000000700000000, 0x0000000716400000, 0x0000000780000000)
  object space 364544K, 99% used [0x0000000700000000,0x00000007163dda68,0x0000000716400000)
 Metaspace       used 74835K, capacity 77034K, committed 77400K, reserved 1116160K
  class space    used 10099K, capacity 10564K, committed 10624K, reserved 1048576K
Event: 4956.292 GC heap after
Heap after GC invocations=19377 (full 9590):
 PSYoungGen      total 1041408K, used 55737K [0x0000000780000000, 0x00000007c0000000, 0x00000007c0000000)
  eden space 1034240K, 5% used [0x0000000780000000,0x000000078366e5f0,0x00000007bf200000)
  from space 7168K, 0% used [0x00000007bf200000,0x00000007bf200000,0x00000007bf900000)
  to   space 7168K, 0% used [0x00000007bf900000,0x00000007bf900000,0x00000007c0000000)
 ParOldGen       total 364544K, used 364143K [0x0000000700000000, 0x0000000716400000, 0x0000000780000000)
  object space 364544K, 99% used [0x0000000700000000,0x000000071639bc78,0x0000000716400000)
 Metaspace       used 74835K, capacity 77034K, committed 77400K, reserved 1116160K
  class space    used 10099K, capacity 10564K, committed 10624K, reserved 1048576K
}
Event: 4956.615 GC heap before
{Heap before GC invocations=19378 (full 9591):
 PSYoungGen      total 1041408K, used 166111K [0x0000000780000000, 0x00000007c0000000, 0x00000007c0000000)
  eden space 1034240K, 16% used [0x0000000780000000,0x000000078a237d00,0x00000007bf200000)
  from space 7168K, 0% used [0x00000007bf200000,0x00000007bf200000,0x00000007bf900000)
  to   space 7168K, 0% used [0x00000007bf900000,0x00000007bf900000,0x00000007c0000000)
 ParOldGen       total 364544K, used 364143K [0x0000000700000000, 0x0000000716400000, 0x0000000780000000)
  object space 364544K, 99% used [0x0000000700000000,0x000000071639bc78,0x0000000716400000)
 Metaspace       used 74835K, capacity 77034K, committed 77400K, reserved 1116160K
  class space    used 10099K, capacity 10564K, committed 10624K, reserved 1048576K
Event: 4956.781 GC heap after
Heap after GC invocations=19378 (full 9591):
 PSYoungGen      total 1041408K, used 56950K [0x0000000780000000, 0x00000007c0000000, 0x00000007c0000000)
  eden space 1034240K, 5% used [0x0000000780000000,0x000000078379d808,0x00000007bf200000)
  from space 7168K, 0% used [0x00000007bf200000,0x00000007bf200000,0x00000007bf900000)
  to   space 7168K, 0% used [0x00000007bf900000,0x00000007bf900000,0x00000007c0000000)
 ParOldGen       total 364544K, used 364256K [0x0000000700000000, 0x0000000716400000, 0x0000000780000000)
  object space 364544K, 99% used [0x0000000700000000,0x00000007163b8080,0x0000000716400000)
 Metaspace       used 74835K, capacity 77034K, committed 77400K, reserved 1116160K
  class space    used 10099K, capacity 10564K, committed 10624K, reserved 1048576K
}

